TN:
SF:src/components/Button.tsx
FN:45,(anonymous_1)
FN:77,(anonymous_2)
FN:84,(anonymous_3)
FN:105,(anonymous_4)
FN:131,(anonymous_5)
FNF:5
FNH:5
FNDA:187,(anonymous_1)
FNDA:187,(anonymous_2)
FNDA:187,(anonymous_3)
FNDA:187,(anonymous_4)
FNDA:193,(anonymous_5)
DA:2,5
DA:3,5
DA:45,5
DA:77,187
DA:78,187
DA:79,176
DA:80,175
DA:84,187
DA:85,187
DA:86,187
DA:88,104
DA:94,1
DA:98,82
DA:105,187
DA:106,187
DA:108,187
DA:110,104
DA:116,1
DA:122,82
DA:131,187
DA:132,193
DA:133,192
DA:134,181
DA:137,101
DA:139,80
DA:143,187
DA:180,5
DA:198,5
LF:28
LH:28
BRDA:52,0,0,81
BRDA:53,1,0,81
BRDA:57,2,0,186
BRDA:60,3,0,179
BRDA:61,4,0,135
BRDA:72,5,0,186
BRDA:73,6,0,186
BRDA:78,7,0,11
BRDA:79,8,0,1
BRDA:80,9,0,74
BRDA:80,9,1,101
BRDA:86,10,0,104
BRDA:86,10,1,1
BRDA:86,10,2,82
BRDA:91,11,0,4
BRDA:91,11,1,100
BRDA:106,12,0,1
BRDA:106,12,1,186
BRDA:108,13,0,104
BRDA:108,13,1,1
BRDA:108,13,2,82
BRDA:132,14,0,1
BRDA:133,15,0,11
BRDA:134,16,0,100
BRDA:134,16,1,101
BRDA:134,16,2,80
BRDA:153,17,0,187
BRDA:153,17,1,176
BRDA:157,18,0,7
BRDA:157,18,1,180
BRDA:160,19,0,7
BRDA:160,19,1,6
BRF:32
BRH:32
end_of_record
TN:
SF:src/components/NFCTestComponent.tsx
FN:8,(anonymous_10)
FN:13,(anonymous_11)
FN:37,(anonymous_12)
FN:71,(anonymous_13)
FNF:4
FNH:0
FNDA:0,(anonymous_10)
FNDA:0,(anonymous_11)
FNDA:0,(anonymous_12)
FNDA:0,(anonymous_13)
DA:2,0
DA:3,0
DA:4,0
DA:5,0
DA:8,0
DA:9,0
DA:10,0
DA:11,0
DA:13,0
DA:14,0
DA:15,0
DA:16,0
DA:18,0
DA:20,0
DA:21,0
DA:22,0
DA:23,0
DA:25,0
DA:26,0
DA:29,0
DA:30,0
DA:31,0
DA:33,0
DA:37,0
DA:38,0
DA:39,0
DA:40,0
DA:43,0
DA:52,0
DA:54,0
DA:55,0
DA:56,0
DA:57,0
DA:59,0
DA:60,0
DA:63,0
DA:64,0
DA:65,0
DA:67,0
DA:71,0
DA:72,0
DA:73,0
DA:74,0
DA:77,0
DA:84,0
DA:85,0
DA:87,0
DA:88,0
DA:89,0
DA:90,0
DA:92,0
DA:93,0
DA:96,0
DA:97,0
DA:98,0
DA:100,0
DA:104,0
DA:144,0
DA:187,0
LF:59
LH:0
BRDA:20,0,0,0
BRDA:20,0,1,0
BRDA:26,1,0,0
BRDA:26,1,1,0
BRDA:54,2,0,0
BRDA:54,2,1,0
BRDA:60,3,0,0
BRDA:60,3,1,0
BRDA:87,4,0,0
BRDA:87,4,1,0
BRDA:93,5,0,0
BRDA:93,5,1,0
BRDA:110,6,0,0
BRDA:110,6,1,0
BRDA:112,7,0,0
BRDA:112,7,1,0
BRDA:118,8,0,0
BRDA:118,8,1,0
BRDA:120,9,0,0
BRDA:120,9,1,0
BRDA:126,10,0,0
BRDA:126,10,1,0
BRDA:128,11,0,0
BRDA:128,11,1,0
BRDA:134,12,0,0
BRDA:134,12,1,0
BRF:26
BRH:0
end_of_record
TN:
SF:src/components/Form/FormField.tsx
FN:6,(anonymous_1)
FNF:1
FNH:1
FNDA:24,(anonymous_1)
DA:2,2
DA:3,2
DA:6,2
DA:19,24
DA:47,2
DA:88,2
LF:6
LH:6
BRDA:12,0,0,23
BRDA:13,1,0,22
BRDA:14,2,0,22
BRDA:15,3,0,22
BRDA:16,4,0,24
BRDA:17,5,0,22
BRDA:22,6,0,24
BRDA:22,6,1,1
BRDA:27,7,0,24
BRDA:27,7,1,2
BRDA:28,8,0,24
BRDA:28,8,1,4
BRDA:29,9,0,24
BRDA:29,9,1,2
BRDA:40,10,0,2
BRDA:40,10,1,22
BRDA:42,11,0,24
BRDA:42,11,1,4
BRF:18
BRH:18
end_of_record
TN:
SF:src/components/Form/PasswordField.tsx
FN:11,(anonymous_9)
FN:23,(anonymous_10)
FNF:2
FNH:1
FNDA:25,(anonymous_9)
FNDA:0,(anonymous_10)
DA:2,2
DA:3,2
DA:4,2
DA:11,2
DA:21,25
DA:23,25
DA:24,0
DA:27,25
DA:63,2
DA:108,2
LF:10
LH:9
BRDA:15,0,0,1
BRDA:17,1,0,24
BRDA:18,2,0,22
BRDA:19,3,0,24
BRDA:30,4,0,25
BRDA:30,4,1,1
BRDA:32,5,0,25
BRDA:32,5,1,3
BRDA:34,6,0,25
BRDA:34,6,1,3
BRDA:44,7,0,25
BRDA:44,7,1,24
BRDA:51,8,0,0
BRDA:51,8,1,24
BRDA:53,9,0,21
BRDA:53,9,1,3
BRDA:58,10,0,25
BRDA:58,10,1,3
BRF:18
BRH:17
end_of_record
TN:
SF:src/screens/AuthScreens/Login/LoginScreen.tsx
FN:25,(anonymous_10)
FN:38,(anonymous_11)
FN:52,(anonymous_12)
FN:53,(anonymous_13)
FN:60,(anonymous_14)
FN:67,(anonymous_15)
FN:122,(anonymous_16)
FN:133,(anonymous_17)
FN:151,(anonymous_18)
FN:163,(anonymous_19)
FN:174,(anonymous_20)
FNF:11
FNH:0
FNDA:0,(anonymous_10)
FNDA:0,(anonymous_11)
FNDA:0,(anonymous_12)
FNDA:0,(anonymous_13)
FNDA:0,(anonymous_14)
FNDA:0,(anonymous_15)
FNDA:0,(anonymous_16)
FNDA:0,(anonymous_17)
FNDA:0,(anonymous_18)
FNDA:0,(anonymous_19)
FNDA:0,(anonymous_20)
DA:2,1
DA:3,1
DA:17,1
DA:18,1
DA:20,1
DA:21,1
DA:22,1
DA:23,1
DA:25,1
DA:26,0
DA:27,0
DA:29,0
DA:34,0
DA:35,0
DA:36,0
DA:38,0
DA:39,0
DA:47,0
DA:48,0
DA:49,0
DA:52,0
DA:53,0
DA:59,0
DA:60,0
DA:67,0
DA:68,0
DA:70,0
DA:71,0
DA:72,0
DA:74,0
DA:76,0
DA:78,0
DA:79,0
DA:82,0
DA:83,0
DA:84,0
DA:85,0
DA:88,0
DA:90,0
DA:94,0
DA:122,0
DA:133,0
DA:151,0
DA:163,0
DA:174,0
DA:187,1
DA:278,1
LF:47
LH:11
BRDA:59,0,0,0
BRDA:68,1,0,0
BRDA:78,2,0,0
BRDA:78,2,1,0
BRDA:79,3,0,0
BRDA:79,3,1,0
BRDA:79,3,2,0
BRDA:82,4,0,0
BRDA:82,4,1,0
BRDA:84,5,0,0
BRDA:98,6,0,0
BRDA:98,6,1,0
BRF:12
BRH:0
end_of_record
TN:
SF:src/screens/AuthScreens/Register/RegisterScreen.tsx
FN:26,(anonymous_10)
FN:44,(anonymous_11)
FN:60,(anonymous_12)
FN:61,(anonymous_13)
FN:65,(anonymous_14)
FN:69,(anonymous_15)
FN:102,(anonymous_16)
FN:118,(anonymous_17)
FN:148,(anonymous_18)
FN:178,(anonymous_19)
FN:188,(anonymous_20)
FN:199,(anonymous_21)
FN:210,(anonymous_22)
FN:218,(anonymous_23)
FN:228,(anonymous_24)
FN:237,(anonymous_25)
FNF:16
FNH:0
FNDA:0,(anonymous_10)
FNDA:0,(anonymous_11)
FNDA:0,(anonymous_12)
FNDA:0,(anonymous_13)
FNDA:0,(anonymous_14)
FNDA:0,(anonymous_15)
FNDA:0,(anonymous_16)
FNDA:0,(anonymous_17)
FNDA:0,(anonymous_18)
FNDA:0,(anonymous_19)
FNDA:0,(anonymous_20)
FNDA:0,(anonymous_21)
FNDA:0,(anonymous_22)
FNDA:0,(anonymous_23)
FNDA:0,(anonymous_24)
FNDA:0,(anonymous_25)
DA:2,1
DA:3,1
DA:15,1
DA:16,1
DA:17,1
DA:18,1
DA:20,1
DA:26,1
DA:27,0
DA:29,0
DA:39,0
DA:40,0
DA:41,0
DA:42,0
DA:44,0
DA:45,0
DA:55,0
DA:56,0
DA:57,0
DA:60,0
DA:61,0
DA:64,0
DA:65,0
DA:69,0
DA:70,0
DA:71,0
DA:74,0
DA:77,0
DA:87,0
DA:89,0
DA:90,0
DA:92,0
DA:94,0
DA:96,0
DA:102,0
DA:107,0
DA:109,0
DA:110,0
DA:111,0
DA:114,0
DA:115,0
DA:116,0
DA:118,0
DA:119,0
DA:124,0
DA:126,0
DA:131,0
DA:132,0
DA:133,0
DA:138,0
DA:144,0
DA:148,0
DA:149,0
DA:152,0
DA:178,0
DA:188,0
DA:199,0
DA:210,0
DA:218,0
DA:228,0
DA:237,0
DA:265,1
DA:327,1
LF:63
LH:10
BRDA:64,0,0,0
BRDA:70,1,0,0
BRDA:83,2,0,0
BRDA:83,2,1,0
BRDA:84,3,0,0
BRDA:84,3,1,0
BRDA:109,4,0,0
BRDA:109,4,1,0
BRDA:114,5,0,0
BRDA:114,5,1,0
BRDA:114,6,0,0
BRDA:114,6,1,0
BRDA:119,7,0,0
BRDA:119,7,1,0
BRDA:131,8,0,0
BRDA:131,8,1,0
BRDA:140,9,0,0
BRDA:140,9,1,0
BRDA:155,10,0,0
BRDA:155,10,1,0
BRDA:157,11,0,0
BRDA:157,11,1,0
BRF:22
BRH:0
end_of_record
TN:
SF:src/screens/ChangePassword/ChangePasswordScreen.tsx
FN:27,(anonymous_10)
FN:39,(anonymous_11)
FN:45,(anonymous_12)
FN:57,(anonymous_13)
FN:58,(anonymous_14)
FN:65,(anonymous_15)
FN:72,(anonymous_16)
FN:104,(anonymous_17)
FN:184,(anonymous_18)
FN:193,(anonymous_19)
FN:202,(anonymous_20)
FN:215,(anonymous_21)
FN:232,(anonymous_22)
FNF:13
FNH:0
FNDA:0,(anonymous_10)
FNDA:0,(anonymous_11)
FNDA:0,(anonymous_12)
FNDA:0,(anonymous_13)
FNDA:0,(anonymous_14)
FNDA:0,(anonymous_15)
FNDA:0,(anonymous_16)
FNDA:0,(anonymous_17)
FNDA:0,(anonymous_18)
FNDA:0,(anonymous_19)
FNDA:0,(anonymous_20)
FNDA:0,(anonymous_21)
FNDA:0,(anonymous_22)
DA:2,1
DA:3,1
DA:15,1
DA:16,1
DA:18,1
DA:19,1
DA:21,1
DA:27,1
DA:28,0
DA:30,0
DA:36,0
DA:37,0
DA:39,0
DA:40,0
DA:45,0
DA:46,0
DA:52,0
DA:53,0
DA:54,0
DA:57,0
DA:58,0
DA:64,0
DA:65,0
DA:72,0
DA:73,0
DA:74,0
DA:77,0
DA:79,0
DA:80,0
DA:82,0
DA:84,0
DA:91,0
DA:98,0
DA:104,0
DA:109,0
DA:111,0
DA:113,0
DA:116,0
DA:117,0
DA:121,0
DA:122,0
DA:127,0
DA:128,0
DA:132,0
DA:133,0
DA:138,0
DA:139,0
DA:143,0
DA:144,0
DA:149,0
DA:150,0
DA:153,0
DA:156,0
DA:158,0
DA:161,0
DA:165,0
DA:184,0
DA:193,0
DA:202,0
DA:215,0
DA:232,0
DA:243,1
DA:311,1
LF:63
LH:10
BRDA:64,0,0,0
BRDA:73,1,0,0
BRDA:80,2,0,0
BRDA:80,2,1,0
BRDA:82,3,0,0
BRDA:82,3,1,0
BRDA:111,4,0,0
BRDA:111,4,1,0
BRDA:116,5,0,0
BRDA:117,6,0,0
BRDA:117,6,1,0
BRDA:121,7,0,0
BRDA:122,8,0,0
BRDA:122,8,1,0
BRDA:127,9,0,0
BRDA:128,10,0,0
BRDA:128,10,1,0
BRDA:132,11,0,0
BRDA:133,12,0,0
BRDA:133,12,1,0
BRDA:138,13,0,0
BRDA:139,14,0,0
BRDA:139,14,1,0
BRDA:143,15,0,0
BRDA:144,16,0,0
BRDA:144,16,1,0
BRDA:149,17,0,0
BRDA:150,18,0,0
BRDA:150,18,1,0
BRDA:168,19,0,0
BRDA:168,19,1,0
BRDA:209,20,0,0
BRDA:209,20,1,0
BRF:33
BRH:0
end_of_record
TN:
SF:src/screens/HomeScreen/HomeScreen.tsx
FN:32,(anonymous_10)
FN:66,(anonymous_11)
FN:75,(anonymous_12)
FN:76,(anonymous_13)
FN:81,(anonymous_14)
FN:94,(anonymous_15)
FN:106,(anonymous_16)
FN:110,(anonymous_17)
FN:114,(anonymous_18)
FN:119,(anonymous_19)
FN:128,(anonymous_20)
FN:137,(anonymous_21)
FN:141,(anonymous_22)
FN:146,(anonymous_23)
FN:182,(anonymous_24)
FN:188,(anonymous_25)
FN:239,(anonymous_26)
FN:243,(anonymous_27)
FN:251,(anonymous_28)
FNF:19
FNH:0
FNDA:0,(anonymous_10)
FNDA:0,(anonymous_11)
FNDA:0,(anonymous_12)
FNDA:0,(anonymous_13)
FNDA:0,(anonymous_14)
FNDA:0,(anonymous_15)
FNDA:0,(anonymous_16)
FNDA:0,(anonymous_17)
FNDA:0,(anonymous_18)
FNDA:0,(anonymous_19)
FNDA:0,(anonymous_20)
FNDA:0,(anonymous_21)
FNDA:0,(anonymous_22)
FNDA:0,(anonymous_23)
FNDA:0,(anonymous_24)
FNDA:0,(anonymous_25)
FNDA:0,(anonymous_26)
FNDA:0,(anonymous_27)
FNDA:0,(anonymous_28)
DA:2,0
DA:3,0
DA:11,0
DA:12,0
DA:14,0
DA:15,0
DA:18,0
DA:19,0
DA:20,0
DA:23,0
DA:24,0
DA:26,0
DA:32,0
DA:33,0
DA:36,0
DA:37,0
DA:38,0
DA:39,0
DA:40,0
DA:49,0
DA:58,0
DA:61,0
DA:62,0
DA:63,0
DA:66,0
DA:68,0
DA:69,0
DA:72,0
DA:73,0
DA:75,0
DA:76,0
DA:81,0
DA:82,0
DA:84,0
DA:85,0
DA:89,0
DA:90,0
DA:94,0
DA:95,0
DA:96,0
DA:101,0
DA:106,0
DA:107,0
DA:110,0
DA:111,0
DA:114,0
DA:115,0
DA:119,0
DA:120,0
DA:121,0
DA:128,0
DA:129,0
DA:130,0
DA:131,0
DA:133,0
DA:134,0
DA:137,0
DA:138,0
DA:141,0
DA:142,0
DA:146,0
DA:148,0
DA:149,0
DA:150,0
DA:153,0
DA:154,0
DA:155,0
DA:158,0
DA:159,0
DA:160,0
DA:164,0
DA:165,0
DA:166,0
DA:167,0
DA:170,0
DA:172,0
DA:173,0
DA:174,0
DA:178,0
DA:182,0
DA:183,0
DA:184,0
DA:188,0
DA:189,0
DA:190,0
DA:193,0
DA:239,0
DA:244,0
DA:251,0
DA:257,0
DA:271,0
LF:91
LH:0
BRDA:62,0,0,0
BRDA:62,0,1,0
BRDA:63,1,0,0
BRDA:63,1,1,0
BRDA:63,1,2,0
BRDA:63,1,3,0
BRDA:68,2,0,0
BRDA:82,3,0,0
BRDA:82,3,1,0
BRDA:84,4,0,0
BRDA:84,5,0,0
BRDA:84,5,1,0
BRDA:84,5,2,0
BRDA:120,6,0,0
BRDA:129,7,0,0
BRDA:148,8,0,0
BRDA:148,9,0,0
BRDA:148,9,1,0
BRDA:148,9,2,0
BRDA:153,10,0,0
BRDA:158,11,0,0
BRDA:165,12,0,0
BRF:22
BRH:0
end_of_record
TN:
SF:src/screens/HomeScreen/index.ts
FN:2,(anonymous_1)
FN:5,(anonymous_2)
FN:6,(anonymous_3)
FN:7,(anonymous_4)
FN:10,(anonymous_5)
FN:11,(anonymous_6)
FNF:6
FNH:0
FNDA:0,(anonymous_1)
FNDA:0,(anonymous_2)
FNDA:0,(anonymous_3)
FNDA:0,(anonymous_4)
FNDA:0,(anonymous_5)
FNDA:0,(anonymous_6)
DA:2,0
DA:5,0
DA:6,0
DA:7,0
DA:10,0
DA:11,0
LF:6
LH:0
BRF:0
BRH:0
end_of_record
TN:
SF:src/screens/HomeScreen/components/DevicesList.tsx
FN:43,(anonymous_1)
FN:52,(anonymous_2)
FN:99,(anonymous_3)
FNF:3
FNH:3
FNDA:21,(anonymous_1)
FNDA:41,(anonymous_2)
FNDA:41,(anonymous_3)
DA:2,1
DA:3,1
DA:11,1
DA:12,1
DA:13,1
DA:15,1
DA:43,1
DA:52,21
DA:53,41
DA:64,21
DA:99,41
DA:122,1
DA:196,1
LF:13
LH:13
BRDA:70,0,0,21
BRDA:70,0,1,2
BRDA:83,1,0,2
BRDA:83,1,1,19
BRDA:92,2,0,2
BRDA:92,2,1,17
BRDA:140,3,0,1
BRDA:140,3,1,0
BRF:8
BRH:7
end_of_record
TN:
SF:src/screens/HomeScreen/components/Header.tsx
FN:25,(anonymous_1)
FNF:1
FNH:1
FNDA:19,(anonymous_1)
DA:2,1
DA:3,1
DA:12,1
DA:14,1
DA:15,1
DA:25,1
DA:32,19
DA:93,1
DA:168,1
LF:9
LH:9
BRDA:57,0,0,4
BRDA:57,0,1,15
BRDA:152,1,0,1
BRDA:152,1,1,0
BRF:4
BRH:3
end_of_record
TN:
SF:src/screens/HomeScreen/components/ReturnDeviceModal.tsx
FN:41,(anonymous_1)
FNF:1
FNH:1
FNDA:27,(anonymous_1)
DA:2,1
DA:3,1
DA:11,1
DA:12,1
DA:14,1
DA:41,1
DA:51,27
DA:134,1
DA:262,1
LF:9
LH:9
BRDA:63,0,0,27
BRDA:63,0,1,26
BRDA:98,1,0,4
BRDA:98,1,1,22
BRDA:100,2,0,26
BRDA:100,2,1,22
BRDA:116,3,0,26
BRDA:116,3,1,4
BRF:8
BRH:8
end_of_record
TN:
SF:src/screens/HomeScreen/hooks/useDevices.ts
FN:30,(anonymous_0)
FN:37,(anonymous_1)
FN:51,(anonymous_2)
FN:56,(anonymous_3)
FN:62,(anonymous_4)
FN:79,(anonymous_5)
FN:89,(anonymous_6)
FN:109,(anonymous_7)
FN:116,(anonymous_8)
FN:123,(anonymous_9)
FNF:10
FNH:8
FNDA:26,(anonymous_0)
FNDA:7,(anonymous_1)
FNDA:0,(anonymous_2)
FNDA:8,(anonymous_3)
FNDA:4,(anonymous_4)
FNDA:4,(anonymous_5)
FNDA:0,(anonymous_6)
FNDA:3,(anonymous_7)
FNDA:5,(anonymous_8)
FNDA:4,(anonymous_9)
DA:2,1
DA:3,1
DA:4,1
DA:30,1
DA:31,26
DA:32,26
DA:33,26
DA:35,26
DA:37,26
DA:38,7
DA:39,2
DA:40,2
DA:41,5
DA:42,1
DA:44,4
DA:47,7
DA:48,1
DA:51,0
DA:56,26
DA:57,8
DA:58,8
DA:59,8
DA:62,4
DA:71,2
DA:73,6
DA:75,8
DA:79,26
DA:80,4
DA:82,4
DA:86,1
DA:89,0
DA:92,3
DA:94,3
DA:95,3
DA:96,1
DA:97,2
DA:98,1
DA:99,1
DA:100,1
DA:104,3
DA:105,3
DA:109,26
DA:110,3
DA:112,3
DA:115,2
DA:118,5
DA:123,4
DA:125,2
DA:127,1
DA:128,1
DA:132,26
LF:51
LH:49
BRDA:38,0,0,2
BRDA:38,0,1,5
BRDA:39,1,0,2
BRDA:39,1,1,0
BRDA:41,2,0,1
BRDA:41,2,1,4
BRDA:44,3,0,4
BRDA:44,3,1,1
BRDA:47,4,0,1
BRDA:94,5,0,3
BRDA:94,6,0,3
BRDA:94,6,1,3
BRDA:95,7,0,1
BRDA:95,7,1,2
BRDA:97,8,0,1
BRDA:97,8,1,1
BRDA:99,9,0,1
BRDA:118,10,0,5
BRDA:118,10,1,5
BRDA:118,10,2,4
BRDA:118,10,3,2
BRDA:118,10,4,2
BRF:22
BRH:21
end_of_record
TN:
SF:src/screens/HomeScreen/hooks/useLocations.ts
FN:25,(anonymous_0)
FN:31,(anonymous_1)
FN:45,(anonymous_2)
FN:50,(anonymous_3)
FN:60,(anonymous_4)
FN:62,(anonymous_5)
FN:75,(anonymous_6)
FNF:7
FNH:6
FNDA:52,(anonymous_0)
FNDA:6,(anonymous_1)
FNDA:0,(anonymous_2)
FNDA:16,(anonymous_3)
FNDA:42,(anonymous_4)
FNDA:37,(anonymous_5)
FNDA:1,(anonymous_6)
DA:2,1
DA:3,1
DA:4,1
DA:25,1
DA:26,52
DA:27,52
DA:28,52
DA:29,52
DA:31,52
DA:32,6
DA:33,2
DA:34,2
DA:35,4
DA:36,1
DA:38,3
DA:41,6
DA:42,1
DA:45,0
DA:50,52
DA:51,16
DA:52,16
DA:53,10
DA:55,6
DA:60,52
DA:61,42
DA:62,37
DA:66,16
DA:69,16
DA:70,7
DA:75,52
DA:76,1
DA:79,52
LF:32
LH:31
BRDA:32,0,0,2
BRDA:32,0,1,4
BRDA:33,1,0,2
BRDA:33,1,1,0
BRDA:35,2,0,1
BRDA:35,2,1,3
BRDA:38,3,0,3
BRDA:38,3,1,1
BRDA:41,4,0,1
BRDA:61,5,0,16
BRDA:69,6,0,7
BRDA:69,7,0,16
BRDA:69,7,1,16
BRDA:69,7,2,9
BRF:14
BRH:13
end_of_record
TN:
SF:src/screens/home/components/NFCManager/NFCManagerNav.tsx
FN:20,(anonymous_1)
FN:28,(anonymous_2)
FN:38,(anonymous_3)
FNF:3
FNH:0
FNDA:0,(anonymous_1)
FNDA:0,(anonymous_2)
FNDA:0,(anonymous_3)
DA:2,0
DA:3,0
DA:4,0
DA:6,0
DA:20,0
DA:25,0
DA:29,0
DA:31,0
DA:38,0
DA:68,0
DA:125,0
LF:11
LH:0
BRDA:36,0,0,0
BRDA:36,0,1,0
BRDA:45,1,0,0
BRDA:45,1,1,0
BRDA:51,2,0,0
BRDA:51,2,1,0
BRDA:59,3,0,0
BRDA:59,3,1,0
BRDA:73,4,0,0
BRDA:73,4,1,0
BRF:10
BRH:0
end_of_record
TN:
SF:src/services/NFCSecurityService.ts
FN:14,(anonymous_9)
FN:16,(anonymous_10)
FN:26,(anonymous_11)
FN:38,(anonymous_12)
FN:45,(anonymous_13)
FN:53,(anonymous_14)
FN:94,(anonymous_15)
FN:191,(anonymous_16)
FN:240,(anonymous_17)
FN:275,(anonymous_18)
FN:387,(anonymous_19)
FN:441,(anonymous_20)
FNF:12
FNH:0
FNDA:0,(anonymous_9)
FNDA:0,(anonymous_10)
FNDA:0,(anonymous_11)
FNDA:0,(anonymous_12)
FNDA:0,(anonymous_13)
FNDA:0,(anonymous_14)
FNDA:0,(anonymous_15)
FNDA:0,(anonymous_16)
FNDA:0,(anonymous_17)
FNDA:0,(anonymous_18)
FNDA:0,(anonymous_19)
FNDA:0,(anonymous_20)
DA:2,0
DA:3,0
DA:5,0
DA:11,0
DA:17,0
DA:18,0
DA:20,0
DA:27,0
DA:28,0
DA:29,0
DA:30,0
DA:32,0
DA:39,0
DA:46,0
DA:47,0
DA:54,0
DA:55,0
DA:57,0
DA:58,0
DA:62,0
DA:63,0
DA:67,0
DA:68,0
DA:72,0
DA:73,0
DA:76,0
DA:78,0
DA:79,0
DA:82,0
DA:89,0
DA:90,0
DA:94,0
DA:95,0
DA:97,0
DA:98,0
DA:101,0
DA:104,0
DA:106,0
DA:109,0
DA:110,0
DA:113,0
DA:116,0
DA:120,0
DA:127,0
DA:129,0
DA:130,0
DA:137,0
DA:140,0
DA:141,0
DA:146,0
DA:149,0
DA:150,0
DA:151,0
DA:152,0
DA:153,0
DA:154,0
DA:158,0
DA:159,0
DA:163,0
DA:171,0
DA:174,0
DA:176,0
DA:178,0
DA:179,0
DA:181,0
DA:182,0
DA:183,0
DA:184,0
DA:185,0
DA:187,0
DA:188,0
DA:189,0
DA:191,0
DA:196,0
DA:197,0
DA:200,0
DA:207,0
DA:211,0
DA:213,0
DA:214,0
DA:215,0
DA:216,0
DA:217,0
DA:218,0
DA:219,0
DA:220,0
DA:222,0
DA:225,0
DA:228,0
DA:229,0
DA:230,0
DA:232,0
DA:241,0
DA:242,0
DA:244,0
DA:245,0
DA:249,0
DA:250,0
DA:254,0
DA:255,0
DA:259,0
DA:260,0
DA:263,0
DA:265,0
DA:266,0
DA:270,0
DA:271,0
DA:275,0
DA:276,0
DA:278,0
DA:279,0
DA:282,0
DA:283,0
DA:285,0
DA:288,0
DA:292,0
DA:295,0
DA:302,0
DA:304,0
DA:305,0
DA:312,0
DA:314,0
DA:315,0
DA:319,0
DA:320,0
DA:325,0
DA:327,0
DA:328,0
DA:329,0
DA:334,0
DA:335,0
DA:337,0
DA:342,0
DA:343,0
DA:345,0
DA:348,0
DA:349,0
DA:353,0
DA:354,0
DA:355,0
DA:356,0
DA:359,0
DA:360,0
DA:363,0
DA:368,0
DA:372,0
DA:374,0
DA:375,0
DA:377,0
DA:378,0
DA:379,0
DA:380,0
DA:381,0
DA:383,0
DA:384,0
DA:385,0
DA:387,0
DA:392,0
DA:393,0
DA:396,0
DA:406,0
DA:410,0
DA:412,0
DA:413,0
DA:414,0
DA:415,0
DA:416,0
DA:417,0
DA:418,0
DA:419,0
DA:420,0
DA:421,0
DA:423,0
DA:426,0
DA:429,0
DA:430,0
DA:431,0
DA:433,0
DA:442,0
DA:443,0
DA:446,0
DA:448,0
DA:449,0
DA:457,0
DA:458,0
DA:460,0
DA:461,0
DA:462,0
DA:463,0
DA:464,0
DA:468,0
DA:476,0
DA:477,0
DA:487,0
LF:194
LH:0
BRDA:17,0,0,0
BRDA:57,1,0,0
BRDA:57,2,0,0
BRDA:57,2,1,0
BRDA:62,3,0,0
BRDA:67,4,0,0
BRDA:67,4,1,0
BRDA:68,5,0,0
BRDA:68,5,1,0
BRDA:78,6,0,0
BRDA:83,7,0,0
BRDA:83,7,1,0
BRDA:84,8,0,0
BRDA:84,8,1,0
BRDA:85,9,0,0
BRDA:85,9,1,0
BRDA:89,10,0,0
BRDA:94,11,0,0
BRDA:94,12,0,0
BRDA:94,12,1,0
BRDA:95,13,0,0
BRDA:95,13,1,0
BRDA:151,14,0,0
BRDA:151,15,0,0
BRDA:151,15,1,0
BRDA:153,16,0,0
BRDA:153,17,0,0
BRDA:153,17,1,0
BRDA:167,18,0,0
BRDA:167,18,1,0
BRDA:176,19,0,0
BRDA:176,19,1,0
BRDA:188,20,0,0
BRDA:213,21,0,0
BRDA:213,21,1,0
BRDA:213,22,0,0
BRDA:213,22,1,0
BRDA:215,23,0,0
BRDA:215,23,1,0
BRDA:217,24,0,0
BRDA:217,24,1,0
BRDA:219,25,0,0
BRDA:219,25,1,0
BRDA:244,26,0,0
BRDA:249,27,0,0
BRDA:254,28,0,0
BRDA:254,28,1,0
BRDA:255,29,0,0
BRDA:255,29,1,0
BRDA:265,30,0,0
BRDA:270,31,0,0
BRDA:270,32,0,0
BRDA:270,32,1,0
BRDA:275,33,0,0
BRDA:275,34,0,0
BRDA:275,34,1,0
BRDA:276,35,0,0
BRDA:276,35,1,0
BRDA:314,36,0,0
BRDA:314,37,0,0
BRDA:314,37,1,0
BRDA:328,38,0,0
BRDA:328,39,0,0
BRDA:328,39,1,0
BRDA:348,40,0,0
BRDA:354,41,0,0
BRDA:354,42,0,0
BRDA:354,42,1,0
BRDA:359,43,0,0
BRDA:359,44,0,0
BRDA:359,44,1,0
BRDA:368,45,0,0
BRDA:368,45,1,0
BRDA:372,46,0,0
BRDA:372,46,1,0
BRDA:384,47,0,0
BRDA:401,48,0,0
BRDA:401,48,1,0
BRDA:412,49,0,0
BRDA:412,49,1,0
BRDA:412,50,0,0
BRDA:412,50,1,0
BRDA:414,51,0,0
BRDA:414,51,1,0
BRDA:416,52,0,0
BRDA:416,52,1,0
BRDA:418,53,0,0
BRDA:418,53,1,0
BRDA:420,54,0,0
BRDA:420,54,1,0
BRDA:448,55,0,0
BRDA:452,56,0,0
BRDA:452,56,1,0
BRDA:460,57,0,0
BRDA:462,58,0,0
BRF:95
BRH:0
end_of_record
TN:
SF:src/utils/FormValidation.ts
FN:8,(anonymous_0)
FN:16,(anonymous_1)
FN:37,(anonymous_2)
FN:44,(anonymous_3)
FN:52,(anonymous_4)
FN:63,(anonymous_5)
FN:70,(anonymous_6)
FN:77,(anonymous_7)
FN:102,(anonymous_8)
FN:109,(anonymous_9)
FN:168,(anonymous_10)
FN:190,(anonymous_11)
FN:195,(anonymous_12)
FN:200,(anonymous_13)
FN:205,(anonymous_14)
FN:209,(anonymous_15)
FN:214,(anonymous_16)
FN:219,(anonymous_17)
FN:224,(anonymous_18)
FN:229,(anonymous_19)
FN:233,(anonymous_20)
FNF:21
FNH:15
FNDA:15,(anonymous_0)
FNDA:10,(anonymous_1)
FNDA:8,(anonymous_2)
FNDA:10,(anonymous_3)
FNDA:16,(anonymous_4)
FNDA:5,(anonymous_5)
FNDA:3,(anonymous_6)
FNDA:12,(anonymous_7)
FNDA:2,(anonymous_8)
FNDA:7,(anonymous_9)
FNDA:2,(anonymous_10)
FNDA:2,(anonymous_11)
FNDA:2,(anonymous_12)
FNDA:1,(anonymous_13)
FNDA:0,(anonymous_14)
FNDA:0,(anonymous_15)
FNDA:0,(anonymous_16)
FNDA:0,(anonymous_17)
FNDA:0,(anonymous_18)
FNDA:2,(anonymous_19)
FNDA:0,(anonymous_20)
DA:4,2
DA:9,15
DA:10,15
DA:17,10
DA:20,7
DA:23,7
DA:26,7
DA:29,6
DA:31,6
DA:38,8
DA:45,10
DA:46,10
DA:53,16
DA:54,14
DA:55,5
DA:56,3
DA:57,1
DA:64,5
DA:71,3
DA:78,12
DA:79,3
DA:82,9
DA:83,9
DA:84,9
DA:85,9
DA:87,9
DA:89,9
DA:90,4
DA:96,5
DA:103,2
DA:110,7
DA:111,12
DA:113,6
DA:114,1
DA:116,5
DA:119,2
DA:120,1
DA:122,1
DA:125,0
DA:126,0
DA:128,0
DA:131,0
DA:132,0
DA:134,0
DA:137,0
DA:138,0
DA:140,0
DA:143,2
DA:144,1
DA:146,1
DA:149,0
DA:150,0
DA:152,0
DA:155,2
DA:156,0
DA:158,1
DA:162,3
DA:169,2
DA:171,2
DA:172,6
DA:173,6
DA:175,6
DA:176,3
DA:180,2
DA:189,2
DA:190,2
DA:195,2
DA:200,1
DA:205,0
DA:209,0
DA:214,0
DA:219,0
DA:224,0
DA:229,2
DA:233,0
DA:240,2
LF:76
LH:57
BRDA:17,0,0,3
BRDA:17,1,0,10
BRDA:17,1,1,9
BRDA:23,2,0,7
BRDA:23,2,1,0
BRDA:26,3,0,1
BRDA:26,4,0,7
BRDA:26,4,1,7
BRDA:53,5,0,2
BRDA:53,6,0,16
BRDA:53,6,1,15
BRDA:54,7,0,9
BRDA:55,8,0,2
BRDA:56,9,0,2
BRDA:64,10,0,5
BRDA:64,10,1,5
BRDA:71,11,0,3
BRDA:71,11,1,3
BRDA:78,12,0,3
BRDA:78,13,0,12
BRDA:78,13,1,12
BRDA:89,14,0,4
BRDA:111,15,0,6
BRDA:111,15,1,2
BRDA:111,15,2,0
BRDA:111,15,3,0
BRDA:111,15,4,0
BRDA:111,15,5,2
BRDA:111,15,6,0
BRDA:111,15,7,2
BRDA:113,16,0,1
BRDA:114,17,0,1
BRDA:114,17,1,1
BRDA:119,18,0,1
BRDA:119,19,0,2
BRDA:119,19,1,2
BRDA:120,20,0,1
BRDA:120,20,1,1
BRDA:125,21,0,0
BRDA:125,22,0,0
BRDA:125,22,1,0
BRDA:126,23,0,0
BRDA:126,23,1,0
BRDA:131,24,0,0
BRDA:131,25,0,0
BRDA:131,25,1,0
BRDA:132,26,0,0
BRDA:132,26,1,0
BRDA:137,27,0,0
BRDA:137,28,0,0
BRDA:137,28,1,0
BRDA:138,29,0,0
BRDA:138,29,1,0
BRDA:143,30,0,1
BRDA:143,31,0,2
BRDA:143,31,1,2
BRDA:143,31,2,2
BRDA:144,32,0,1
BRDA:144,32,1,1
BRDA:149,33,0,0
BRDA:149,34,0,0
BRDA:149,34,1,0
BRDA:149,34,2,0
BRDA:150,35,0,0
BRDA:150,35,1,0
BRDA:155,36,0,0
BRDA:155,37,0,2
BRDA:155,37,1,2
BRDA:156,38,0,0
BRDA:156,38,1,0
BRDA:175,39,0,3
BRDA:190,40,0,0
BRDA:191,41,0,2
BRDA:191,41,1,0
BRDA:195,42,0,0
BRDA:214,43,0,0
BRDA:215,44,0,0
BRDA:215,44,1,0
BRDA:219,45,0,0
BRDA:220,46,0,0
BRDA:220,46,1,0
BRDA:224,47,0,0
BRDA:225,48,0,0
BRDA:225,48,1,0
BRDA:233,49,0,0
BRDA:234,50,0,0
BRDA:234,50,1,0
BRF:87
BRH:43
end_of_record
TN:
SF:src/utils/NFCUtils.ts
FN:10,(anonymous_9)
FN:12,(anonymous_10)
FN:22,(anonymous_11)
FN:45,(anonymous_12)
FN:59,(anonymous_13)
FN:77,(anonymous_14)
FN:110,(anonymous_15)
FN:122,(anonymous_16)
FN:134,(anonymous_17)
FN:189,(anonymous_18)
FN:205,(anonymous_19)
FN:221,(anonymous_20)
FN:265,(anonymous_21)
FN:360,(anonymous_22)
FN:462,(anonymous_23)
FN:510,(anonymous_24)
FN:550,(anonymous_25)
FN:560,(anonymous_26)
FN:572,(anonymous_27)
FNF:19
FNH:2
FNDA:1,(anonymous_9)
FNDA:26,(anonymous_10)
FNDA:0,(anonymous_11)
FNDA:0,(anonymous_12)
FNDA:0,(anonymous_13)
FNDA:0,(anonymous_14)
FNDA:0,(anonymous_15)
FNDA:0,(anonymous_16)
FNDA:0,(anonymous_17)
FNDA:0,(anonymous_18)
FNDA:0,(anonymous_19)
FNDA:0,(anonymous_20)
FNDA:0,(anonymous_21)
FNDA:0,(anonymous_22)
FNDA:0,(anonymous_23)
FNDA:0,(anonymous_24)
FNDA:0,(anonymous_25)
FNDA:0,(anonymous_26)
FNDA:0,(anonymous_27)
DA:2,1
DA:3,1
DA:6,1
DA:8,1
DA:13,26
DA:14,1
DA:16,26
DA:23,0
DA:24,0
DA:26,0
DA:27,0
DA:28,0
DA:29,0
DA:32,0
DA:33,0
DA:34,0
DA:35,0
DA:37,0
DA:38,0
DA:46,0
DA:47,0
DA:48,0
DA:49,0
DA:51,0
DA:52,0
DA:61,0
DA:66,0
DA:69,0
DA:71,0
DA:72,0
DA:77,0
DA:79,0
DA:80,0
DA:82,0
DA:86,0
DA:87,0
DA:88,0
DA:89,0
DA:93,0
DA:94,0
DA:97,0
DA:100,0
DA:103,0
DA:111,0
DA:112,0
DA:113,0
DA:115,0
DA:123,0
DA:124,0
DA:125,0
DA:136,0
DA:137,0
DA:139,0
DA:143,0
DA:145,0
DA:148,0
DA:149,0
DA:150,0
DA:153,0
DA:156,0
DA:158,0
DA:159,0
DA:160,0
DA:162,0
DA:165,0
DA:168,0
DA:172,0
DA:173,0
DA:174,0
DA:175,0
DA:178,0
DA:179,0
DA:181,0
DA:182,0
DA:190,0
DA:193,0
DA:196,0
DA:199,0
DA:202,0
DA:205,0
DA:206,0
DA:208,0
DA:211,0
DA:215,0
DA:222,0
DA:223,0
DA:226,0
DA:227,0
DA:231,0
DA:232,0
DA:233,0
DA:234,0
DA:236,0
DA:241,0
DA:245,0
DA:246,0
DA:249,0
DA:251,0
DA:252,0
DA:255,0
DA:263,0
DA:265,0
DA:266,0
DA:267,0
DA:269,0
DA:272,0
DA:275,0
DA:277,0
DA:278,0
DA:279,0
DA:282,0
DA:286,0
DA:290,0
DA:292,0
DA:293,0
DA:295,0
DA:297,0
DA:298,0
DA:301,0
DA:302,0
DA:304,0
DA:305,0
DA:307,0
DA:308,0
DA:312,0
DA:315,0
DA:318,0
DA:319,0
DA:322,0
DA:325,0
DA:329,0
DA:331,0
DA:332,0
DA:333,0
DA:334,0
DA:335,0
DA:336,0
DA:337,0
DA:338,0
DA:339,0
DA:340,0
DA:342,0
DA:345,0
DA:348,0
DA:349,0
DA:350,0
DA:352,0
DA:361,0
DA:362,0
DA:365,0
DA:366,0
DA:370,0
DA:371,0
DA:375,0
DA:376,0
DA:379,0
DA:380,0
DA:383,0
DA:384,0
DA:385,0
DA:386,0
DA:388,0
DA:393,0
DA:397,0
DA:398,0
DA:401,0
DA:402,0
DA:403,0
DA:407,0
DA:415,0
DA:416,0
DA:420,0
DA:421,0
DA:426,0
DA:427,0
DA:428,0
DA:430,0
DA:433,0
DA:434,0
DA:438,0
DA:439,0
DA:443,0
DA:445,0
DA:446,0
DA:448,0
DA:449,0
DA:450,0
DA:451,0
DA:452,0
DA:454,0
DA:455,0
DA:457,0
DA:458,0
DA:462,0
DA:467,0
DA:468,0
DA:471,0
DA:473,0
DA:477,0
DA:479,0
DA:480,0
DA:481,0
DA:482,0
DA:483,0
DA:484,0
DA:485,0
DA:486,0
DA:487,0
DA:488,0
DA:489,0
DA:490,0
DA:492,0
DA:495,0
DA:498,0
DA:499,0
DA:500,0
DA:502,0
DA:511,0
DA:512,0
DA:514,0
DA:515,0
DA:516,0
DA:518,0
DA:519,0
DA:520,0
DA:523,0
DA:524,0
DA:528,0
DA:529,0
DA:532,0
DA:533,0
DA:535,0
DA:540,0
DA:542,0
DA:543,0
DA:545,0
DA:546,0
DA:550,0
DA:554,0
DA:561,0
DA:562,0
DA:563,0
DA:565,0
DA:573,0
DA:574,0
DA:575,0
DA:576,0
DA:577,0
DA:579,0
DA:585,1
LF:250
LH:8
BRDA:13,0,0,1
BRDA:24,1,0,0
BRDA:27,2,0,0
BRDA:49,3,0,0
BRDA:49,3,1,0
BRDA:79,4,0,0
BRDA:79,5,0,0
BRDA:79,5,1,0
BRDA:88,6,0,0
BRDA:88,7,0,0
BRDA:88,7,1,0
BRDA:88,7,2,0
BRDA:93,8,0,0
BRDA:123,9,0,0
BRDA:126,10,0,0
BRDA:126,10,1,0
BRDA:126,10,2,0
BRDA:126,10,3,0
BRDA:156,11,0,0
BRDA:156,11,1,0
BRDA:202,12,0,0
BRDA:202,12,1,0
BRDA:206,13,0,0
BRDA:206,13,1,0
BRDA:206,14,0,0
BRDA:206,14,1,0
BRDA:226,15,0,0
BRDA:231,16,0,0
BRDA:241,17,0,0
BRDA:241,17,1,0
BRDA:251,18,0,0
BRDA:256,19,0,0
BRDA:256,19,1,0
BRDA:257,20,0,0
BRDA:257,20,1,0
BRDA:258,21,0,0
BRDA:258,21,1,0
BRDA:259,22,0,0
BRDA:259,22,1,0
BRDA:263,23,0,0
BRDA:263,24,0,0
BRDA:263,24,1,0
BRDA:265,25,0,0
BRDA:265,26,0,0
BRDA:265,26,1,0
BRDA:277,27,0,0
BRDA:277,28,0,0
BRDA:277,28,1,0
BRDA:292,29,0,0
BRDA:292,29,1,0
BRDA:292,30,0,0
BRDA:292,30,1,0
BRDA:297,31,0,0
BRDA:297,31,1,0
BRDA:301,32,0,0
BRDA:301,32,1,0
BRDA:331,33,0,0
BRDA:331,33,1,0
BRDA:333,34,0,0
BRDA:333,34,1,0
BRDA:335,35,0,0
BRDA:335,35,1,0
BRDA:337,36,0,0
BRDA:337,36,1,0
BRDA:339,37,0,0
BRDA:339,37,1,0
BRDA:365,38,0,0
BRDA:370,39,0,0
BRDA:370,40,0,0
BRDA:370,40,1,0
BRDA:383,41,0,0
BRDA:393,42,0,0
BRDA:393,42,1,0
BRDA:402,43,0,0
BRDA:409,44,0,0
BRDA:409,44,1,0
BRDA:411,45,0,0
BRDA:411,45,1,0
BRDA:415,46,0,0
BRDA:420,47,0,0
BRDA:420,48,0,0
BRDA:420,48,1,0
BRDA:433,49,0,0
BRDA:438,50,0,0
BRDA:438,51,0,0
BRDA:438,51,1,0
BRDA:443,52,0,0
BRDA:443,52,1,0
BRDA:457,53,0,0
BRDA:479,54,0,0
BRDA:479,54,1,0
BRDA:481,55,0,0
BRDA:481,55,1,0
BRDA:483,56,0,0
BRDA:483,56,1,0
BRDA:485,57,0,0
BRDA:485,57,1,0
BRDA:487,58,0,0
BRDA:487,58,1,0
BRDA:487,59,0,0
BRDA:487,59,1,0
BRDA:489,60,0,0
BRDA:489,60,1,0
BRDA:510,61,0,0
BRDA:523,62,0,0
BRDA:529,63,0,0
BRDA:529,64,0,0
BRDA:529,64,1,0
BRDA:529,64,2,0
BRDA:545,65,0,0
BRF:110
BRH:1
end_of_record
